<?xml version="1.0" encoding="UTF-8"?>
<!-- Generated by org.testng.reporters.JUnitReportReporter -->
<testsuite hostname="pau4ok-PC" failures="0" tests="2" name="ru.rencredit.RenTest" time="23.325" errors="0" timestamp="17 апр. 2019 17:44:23 GMT" skipped="0">
  <testcase classname="ru.rencredit.RenTest" name="cardTest" time="14.333"/>
  <testcase classname="ru.rencredit.RenTest" name="depositTest" time="8.992"/>
</testsuite> <!-- ru.rencredit.RenTest -->
